<?xml version="1.0" encoding="UTF-8"?>
<!-- Generated by org.testng.reporters.JUnitXMLReporter -->
<testsuite hostname="IBM-Testing01" ignored="1" name="Default test(failed)" tests="1" failures="1" timestamp="04 Mar 2020 06:30:12 GMT" time="13.049" errors="0">
  <testcase name="Checkurl" time="0.018" classname="testNgpackage.VerifyGoogleTest">
    <failure type="java.lang.AssertionError" message="expected [https://www.gogle.com/] but found [https://www.google.com/]">
      <![CDATA[java.lang.AssertionError: expected [https://www.gogle.com/] but found [https://www.google.com/]
at testNgpackage.VerifyGoogleTest.Checkurl(VerifyGoogleTest.java:28)
... Removed 31 stack frames]]>
    </failure>
  </testcase> <!-- Checkurl -->
  <testcase name="CheckLogo" time="0.0" classname="testNgpackage.VerifyGoogleTest">
    <ignored/>
  </testcase> <!-- CheckLogo -->
</testsuite> <!-- Default test(failed) -->
